#
# There is insufficient memory for the Java Runtime Environment to continue.
# Native memory allocation (malloc) failed to allocate 1465616 bytes for Chunk::new
# Possible reasons:
#   The system is out of physical RAM or swap space
#   In 32 bit mode, the process size limit was hit
# Possible solutions:
#   Reduce memory load on the system
#   Increase physical memory or swap space
#   Check if swap backing store is full
#   Use 64 bit Java on a 64 bit OS
#   Decrease Java heap size (-Xmx/-Xms)
#   Decrease number of Java threads
#   Decrease Java thread stack sizes (-Xss)
#   Set larger code cache with -XX:ReservedCodeCacheSize=
# This output file may be truncated or incomplete.
#
#  Out of Memory Error (allocation.cpp:390), pid=2864, tid=640
#
# JRE version: Java(TM) SE Runtime Environment (8.0_60-b27) (build 1.8.0_60-b27)
# Java VM: Java HotSpot(TM) 64-Bit Server VM (25.60-b23 mixed mode windows-amd64 compressed oops)
# Failed to write core dump. Minidumps are not enabled by default on client versions of Windows
#

---------------  T H R E A D  ---------------

Current thread (0x0000000058cbe800):  JavaThread "C2 CompilerThread2" daemon [_thread_in_native, id=640, stack(0x000000005a850000,0x000000005a950000)]

Stack: [0x000000005a850000,0x000000005a950000]
[error occurred during error reporting (printing stack bounds), id 0xc0000005]

Native frames: (J=compiled Java code, j=interpreted, Vv=VM code, C=native code)


Current CompileTask:
C2:  39464 7085       4       com.sun.tools.javac.jvm.ClassWriter::writeCode (922 bytes)


---------------  P R O C E S S  ---------------

Java Threads: ( => current thread )
  0x0000000058d4a800 JavaThread "Service Thread" daemon [_thread_blocked, id=4144, stack(0x000000005a6e0000,0x000000005a7e0000)]
  0x0000000058cc9000 JavaThread "C1 CompilerThread3" daemon [_thread_blocked, id=1076, stack(0x000000005aa10000,0x000000005ab10000)]
=>0x0000000058cbe800 JavaThread "C2 CompilerThread2" daemon [_thread_in_native, id=640, stack(0x000000005a850000,0x000000005a950000)]
  0x0000000058cb8800 JavaThread "C2 CompilerThread1" daemon [_thread_in_native, id=2892, stack(0x000000005a4b0000,0x000000005a5b0000)]
  0x0000000058cb4000 JavaThread "C2 CompilerThread0" daemon [_thread_in_native, id=4932, stack(0x000000005a5d0000,0x000000005a6d0000)]
  0x0000000058cb2800 JavaThread "Attach Listener" daemon [_thread_blocked, id=3036, stack(0x000000005a370000,0x000000005a470000)]
  0x0000000058cb1800 JavaThread "Signal Dispatcher" daemon [_thread_blocked, id=5020, stack(0x000000005a130000,0x000000005a230000)]
  0x0000000057bfe800 JavaThread "Finalizer" daemon [_thread_blocked, id=5016, stack(0x0000000059f70000,0x000000005a070000)]
  0x0000000058c63800 JavaThread "Reference Handler" daemon [_thread_blocked, id=4556, stack(0x0000000059d60000,0x0000000059e60000)]
  0x000000000234f000 JavaThread "main" [_thread_in_native, id=2960, stack(0x0000000002530000,0x0000000002630000)]

Other Threads:
  0x0000000058c62800 VMThread [stack: 0x0000000059c10000,0x0000000059d10000] [id=3100]
  0x0000000058d69000 WatcherThread [stack: 0x000000005a240000,0x000000005a340000] [id=3580]

VM state:not at safepoint (normal execution)

VM Mutex/Monitor currently owned by a thread: None

Heap:
 PSYoungGen      total 435200K, used 33112K [0x00000000d5600000, 0x00000000fd580000, 0x0000000100000000)
  eden space 425472K, 5% used [0x00000000d5600000,0x00000000d6ebb850,0x00000000ef580000)
  from space 9728K, 80% used [0x00000000ef580000,0x00000000efd1a928,0x00000000eff00000)
  to   space 31232K, 0% used [0x00000000fb700000,0x00000000fb700000,0x00000000fd580000)
 ParOldGen       total 169472K, used 66521K [0x0000000080200000, 0x000000008a780000, 0x00000000d5600000)
  object space 169472K, 39% used [0x0000000080200000,0x00000000842f64e8,0x000000008a780000)
 Metaspace       used 27006K, capacity 27700K, committed 27824K, reserved 1073152K
  class space    used 2962K, capacity 3179K, committed 3248K, reserved 1048576K

Card table byte_map: [0x0000000011cc0000,0x00000000120c0000] byte_map_base: 0x00000000118bf000

Marking Bits: (ParMarkBitMap*) 0x000000007276a5b0
 Begin Bits: [0x0000000012e20000, 0x0000000014e18000)
 End Bits:   [0x0000000014e18000, 0x0000000016e10000)

Polling page: 0x0000000000130000

CodeCache: size=245760Kb used=23604Kb max_used=24142Kb free=222155Kb
 bounds [0x0000000002900000, 0x00000000040c0000, 0x0000000011900000]
 total_blobs=6081 nmethods=5679 adapters=314
 compilation: enabled

Compilation events (10 events):
Event: 39.433 Thread 0x0000000058cb4000 nmethod 7106 0x00000000038cd410 code [0x00000000038cd580, 0x00000000038cd918]
Event: 39.433 Thread 0x0000000058cb4000 7124       4       java.net.URI::quote (208 bytes)
Event: 39.440 Thread 0x0000000058cb4000 nmethod 7124 0x0000000003591f50 code [0x00000000035920a0, 0x0000000003592418]
Event: 39.440 Thread 0x0000000058cc9000 7143       3       com.sun.tools.javac.comp.Infer$IncorporationStep$2::apply (265 bytes)
Event: 39.440 Thread 0x0000000058cb4000 7132       4       com.sun.tools.javac.tree.JCTree$JCClassDecl::accept (6 bytes)
Event: 39.440 Thread 0x0000000058cb4000 nmethod 7132 0x0000000002f4c8d0 code [0x0000000002f4ca00, 0x0000000002f4ca78]
Event: 39.440 Thread 0x0000000058cb4000 7139   !   4       com.sun.tools.javac.comp.Attr::visitVarDef (406 bytes)
Event: 39.444 Thread 0x0000000058cc9000 nmethod 7143 0x0000000004001b50 code [0x0000000004001fc0, 0x0000000004004fb8]
Event: 39.444 Thread 0x0000000058cc9000 7142       3       com.sun.tools.javac.comp.Infer$IncorporationStep::accepts (13 bytes)
Event: 39.444 Thread 0x0000000058cc9000 nmethod 7142 0x0000000003baa2d0 code [0x0000000003baa440, 0x0000000003baa6a8]

GC Heap History (10 events):
Event: 14.692 GC heap before
{Heap before GC invocations=9 (full 0):
 PSYoungGen      total 274944K, used 267552K [0x00000000d5600000, 0x00000000e6d00000, 0x0000000100000000)
  eden space 265728K, 100% used [0x00000000d5600000,0x00000000e5980000,0x00000000e5980000)
  from space 9216K, 19% used [0x00000000e6300000,0x00000000e64c8000,0x00000000e6c00000)
  to   space 9728K, 0% used [0x00000000e5980000,0x00000000e5980000,0x00000000e6300000)
 ParOldGen       total 87552K, used 11845K [0x0000000080200000, 0x0000000085780000, 0x00000000d5600000)
  object space 87552K, 13% used [0x0000000080200000,0x0000000080d91438,0x0000000085780000)
 Metaspace       used 19885K, capacity 20404K, committed 20480K, reserved 1067008K
  class space    used 2291K, capacity 2493K, committed 2560K, reserved 1048576K
Event: 14.701 GC heap after
Heap after GC invocations=9 (full 0):
 PSYoungGen      total 275456K, used 1720K [0x00000000d5600000, 0x00000000f0880000, 0x0000000100000000)
  eden space 265728K, 0% used [0x00000000d5600000,0x00000000d5600000,0x00000000e5980000)
  from space 9728K, 17% used [0x00000000e5980000,0x00000000e5b2e070,0x00000000e6300000)
  to   space 9728K, 0% used [0x00000000eff00000,0x00000000eff00000,0x00000000f0880000)
 ParOldGen       total 87552K, used 12525K [0x0000000080200000, 0x0000000085780000, 0x00000000d5600000)
  object space 87552K, 14% used [0x0000000080200000,0x0000000080e3b438,0x0000000085780000)
 Metaspace       used 19885K, capacity 20404K, committed 20480K, reserved 1067008K
  class space    used 2291K, capacity 2493K, committed 2560K, reserved 1048576K
}
Event: 18.723 GC heap before
{Heap before GC invocations=10 (full 0):
 PSYoungGen      total 275456K, used 69332K [0x00000000d5600000, 0x00000000f0880000, 0x0000000100000000)
  eden space 265728K, 25% used [0x00000000d5600000,0x00000000d98070e8,0x00000000e5980000)
  from space 9728K, 17% used [0x00000000e5980000,0x00000000e5b2e070,0x00000000e6300000)
  to   space 9728K, 0% used [0x00000000eff00000,0x00000000eff00000,0x00000000f0880000)
 ParOldGen       total 87552K, used 12525K [0x0000000080200000, 0x0000000085780000, 0x00000000d5600000)
  object space 87552K, 14% used [0x0000000080200000,0x0000000080e3b438,0x0000000085780000)
 Metaspace       used 20584K, capacity 21224K, committed 21296K, reserved 1069056K
  class space    used 2344K, capacity 2575K, committed 2608K, reserved 1048576K
Event: 18.729 GC heap after
Heap after GC invocations=10 (full 0):
 PSYoungGen      total 435200K, used 2787K [0x00000000d5600000, 0x00000000f0880000, 0x0000000100000000)
  eden space 425472K, 0% used [0x00000000d5600000,0x00000000d5600000,0x00000000ef580000)
  from space 9728K, 28% used [0x00000000eff00000,0x00000000f01b8d48,0x00000000f0880000)
  to   space 9728K, 0% used [0x00000000ef580000,0x00000000ef580000,0x00000000eff00000)
 ParOldGen       total 87552K, used 12565K [0x0000000080200000, 0x0000000085780000, 0x00000000d5600000)
  object space 87552K, 14% used [0x0000000080200000,0x0000000080e45438,0x0000000085780000)
 Metaspace       used 20584K, capacity 21224K, committed 21296K, reserved 1069056K
  class space    used 2344K, capacity 2575K, committed 2608K, reserved 1048576K
}
Event: 18.729 GC heap before
{Heap before GC invocations=11 (full 1):
 PSYoungGen      total 435200K, used 2787K [0x00000000d5600000, 0x00000000f0880000, 0x0000000100000000)
  eden space 425472K, 0% used [0x00000000d5600000,0x00000000d5600000,0x00000000ef580000)
  from space 9728K, 28% used [0x00000000eff00000,0x00000000f01b8d48,0x00000000f0880000)
  to   space 9728K, 0% used [0x00000000ef580000,0x00000000ef580000,0x00000000eff00000)
 ParOldGen       total 87552K, used 12565K [0x0000000080200000, 0x0000000085780000, 0x00000000d5600000)
  object space 87552K, 14% used [0x0000000080200000,0x0000000080e45438,0x0000000085780000)
 Metaspace       used 20584K, capacity 21224K, committed 21296K, reserved 1069056K
  class space    used 2344K, capacity 2575K, committed 2608K, reserved 1048576K
Event: 18.842 GC heap after
Heap after GC invocations=11 (full 1):
 PSYoungGen      total 435200K, used 0K [0x00000000d5600000, 0x00000000f0880000, 0x0000000100000000)
  eden space 425472K, 0% used [0x00000000d5600000,0x00000000d5600000,0x00000000ef580000)
  from space 9728K, 0% used [0x00000000eff00000,0x00000000eff00000,0x00000000f0880000)
  to   space 9728K, 0% used [0x00000000ef580000,0x00000000ef580000,0x00000000eff00000)
 ParOldGen       total 58880K, used 11003K [0x0000000080200000, 0x0000000083b80000, 0x00000000d5600000)
  object space 58880K, 18% used [0x0000000080200000,0x0000000080cbed40,0x0000000083b80000)
 Metaspace       used 20570K, capacity 21204K, committed 21296K, reserved 1069056K
  class space    used 2342K, capacity 2571K, committed 2608K, reserved 1048576K
}
Event: 37.092 GC heap before
{Heap before GC invocations=12 (full 1):
 PSYoungGen      total 435200K, used 425472K [0x00000000d5600000, 0x00000000f0880000, 0x0000000100000000)
  eden space 425472K, 100% used [0x00000000d5600000,0x00000000ef580000,0x00000000ef580000)
  from space 9728K, 0% used [0x00000000eff00000,0x00000000eff00000,0x00000000f0880000)
  to   space 9728K, 0% used [0x00000000ef580000,0x00000000ef580000,0x00000000eff00000)
 ParOldGen       total 58880K, used 11003K [0x0000000080200000, 0x0000000083b80000, 0x00000000d5600000)
  object space 58880K, 18% used [0x0000000080200000,0x0000000080cbed40,0x0000000083b80000)
 Metaspace       used 26992K, capacity 27700K, committed 27824K, reserved 1073152K
  class space    used 2962K, capacity 3179K, committed 3248K, reserved 1048576K
Event: 37.225 GC heap after
Heap after GC invocations=12 (full 1):
 PSYoungGen      total 435200K, used 9727K [0x00000000d5600000, 0x00000000fd580000, 0x0000000100000000)
  eden space 425472K, 0% used [0x00000000d5600000,0x00000000d5600000,0x00000000ef580000)
  from space 9728K, 99% used [0x00000000ef580000,0x00000000efeffef8,0x00000000eff00000)
  to   space 31232K, 0% used [0x00000000fb700000,0x00000000fb700000,0x00000000fd580000)
 ParOldGen       total 66560K, used 66084K [0x0000000080200000, 0x0000000084300000, 0x00000000d5600000)
  object space 66560K, 99% used [0x0000000080200000,0x00000000842891c8,0x0000000084300000)
 Metaspace       used 26992K, capacity 27700K, committed 27824K, reserved 1073152K
  class space    used 2962K, capacity 3179K, committed 3248K, reserved 1048576K
}
Event: 37.225 GC heap before
{Heap before GC invocations=13 (full 2):
 PSYoungGen      total 435200K, used 9727K [0x00000000d5600000, 0x00000000fd580000, 0x0000000100000000)
  eden space 425472K, 0% used [0x00000000d5600000,0x00000000d5600000,0x00000000ef580000)
  from space 9728K, 99% used [0x00000000ef580000,0x00000000efeffef8,0x00000000eff00000)
  to   space 31232K, 0% used [0x00000000fb700000,0x00000000fb700000,0x00000000fd580000)
 ParOldGen       total 66560K, used 66084K [0x0000000080200000, 0x0000000084300000, 0x00000000d5600000)
  object space 66560K, 99% used [0x0000000080200000,0x00000000842891c8,0x0000000084300000)
 Metaspace       used 26992K, capacity 27700K, committed 27824K, reserved 1073152K
  class space    used 2962K, capacity 3179K, committed 3248K, reserved 1048576K
Event: 38.908 GC heap after
Heap after GC invocations=13 (full 2):
 PSYoungGen      total 435200K, used 7786K [0x00000000d5600000, 0x00000000fd580000, 0x0000000100000000)
  eden space 425472K, 0% used [0x00000000d5600000,0x00000000d5600000,0x00000000ef580000)
  from space 9728K, 80% used [0x00000000ef580000,0x00000000efd1a928,0x00000000eff00000)
  to   space 31232K, 0% used [0x00000000fb700000,0x00000000fb700000,0x00000000fd580000)
 ParOldGen       total 169472K, used 66521K [0x0000000080200000, 0x000000008a780000, 0x00000000d5600000)
  object space 169472K, 39% used [0x0000000080200000,0x00000000842f64e8,0x000000008a780000)
 Metaspace       used 26992K, capacity 27700K, committed 27824K, reserved 1073152K
  class space    used 2962K, capacity 3179K, committed 3248K, reserved 1048576K
}

Deoptimization events (10 events):
Event: 36.837 Thread 0x000000000234f000 Uncommon trap: reason=class_check action=maybe_recompile pc=0x0000000003290dac method=com.sun.tools.javac.code.Types$SignatureGenerator.assembleSig(Lcom/sun/tools/javac/code/Type;)V @ 210
Event: 39.075 Thread 0x000000000234f000 Uncommon trap: reason=bimorphic action=maybe_recompile pc=0x0000000003c5b084 method=com.sun.tools.javac.code.Types.rank(Lcom/sun/tools/javac/code/Type;)I @ 1
Event: 39.075 Thread 0x000000000234f000 Uncommon trap: reason=bimorphic action=maybe_recompile pc=0x0000000003c5b084 method=com.sun.tools.javac.code.Types.rank(Lcom/sun/tools/javac/code/Type;)I @ 1
Event: 39.075 Thread 0x000000000234f000 Uncommon trap: reason=bimorphic action=maybe_recompile pc=0x0000000003c5b084 method=com.sun.tools.javac.code.Types.rank(Lcom/sun/tools/javac/code/Type;)I @ 1
Event: 39.214 Thread 0x000000000234f000 Uncommon trap: reason=bimorphic action=maybe_recompile pc=0x0000000003e2a998 method=com.sun.tools.javac.code.Types.asOuterSuper(Lcom/sun/tools/javac/code/Type;Lcom/sun/tools/javac/code/Symbol;)Lcom/sun/tools/javac/code/Type; @ 4
Event: 39.214 Thread 0x000000000234f000 Uncommon trap: reason=bimorphic action=maybe_recompile pc=0x0000000003e2a998 method=com.sun.tools.javac.code.Types.asOuterSuper(Lcom/sun/tools/javac/code/Type;Lcom/sun/tools/javac/code/Symbol;)Lcom/sun/tools/javac/code/Type; @ 4
Event: 39.214 Thread 0x000000000234f000 Uncommon trap: reason=bimorphic action=maybe_recompile pc=0x0000000003e2a998 method=com.sun.tools.javac.code.Types.asOuterSuper(Lcom/sun/tools/javac/code/Type;Lcom/sun/tools/javac/code/Symbol;)Lcom/sun/tools/javac/code/Type; @ 4
Event: 39.214 Thread 0x000000000234f000 Uncommon trap: reason=bimorphic action=maybe_recompile pc=0x0000000003e2a998 method=com.sun.tools.javac.code.Types.asOuterSuper(Lcom/sun/tools/javac/code/Type;Lcom/sun/tools/javac/code/Symbol;)Lcom/sun/tools/javac/code/Type; @ 4
Event: 39.219 Thread 0x000000000234f000 Uncommon trap: reason=unstable_if action=reinterpret pc=0x0000000003f05360 method=com.sun.tools.javac.code.Types.isSubtypeUncheckedInternal(Lcom/sun/tools/javac/code/Type;Lcom/sun/tools/javac/code/Type;Lcom/sun/tools/javac/util/Warner;)Z @ 92
Event: 39.328 Thread 0x000000000234f000 Uncommon trap: reason=class_check action=maybe_recompile pc=0x000000000358f74c method=com.sun.tools.javac.comp.Resolve$AbstractMethodCheck.argumentsAcceptable(Lcom/sun/tools/javac/comp/Env;Lcom/sun/tools/javac/comp/DeferredAttr$DeferredAttrContext;Lcom/sun∆b¡Ò&kB@

Internal exceptions (10 events):
Event: 13.680 Thread 0x000000000234f000 Exception <a 'java/io/FileNotFoundException'> (0x00000000e52e5c48) thrown at [C:\re\workspace\8-2-build-windows-amd64-cygwin\jdk8u60\4407\hotspot\src\share\vm\prims\jni.cpp, line 709]
Event: 13.682 Thread 0x000000000234f000 Exception <a 'java/io/FileNotFoundException'> (0x00000000e52eedb8) thrown at [C:\re\workspace\8-2-build-windows-amd64-cygwin\jdk8u60\4407\hotspot\src\share\vm\prims\jni.cpp, line 709]
Event: 13.684 Thread 0x000000000234f000 Exception <a 'java/lang/NoClassDefFoundError': org/slf4j/Logger> (0x00000000e52fd310) thrown at [C:\re\workspace\8-2-build-windows-amd64-cygwin\jdk8u60\4407\hotspot\src\share\vm\oops\constantPool.cpp, line 235]
Event: 13.696 Thread 0x000000000234f000 Exception <a 'java/security/PrivilegedActionException'> (0x00000000e533c0d0) thrown at [C:\re\workspace\8-2-build-windows-amd64-cygwin\jdk8u60\4407\hotspot\src\share\vm\prims\jvm.cpp, line 1386]
Event: 13.696 Thread 0x000000000234f000 Exception <a 'java/security/PrivilegedActionException'> (0x00000000e533c4c8) thrown at [C:\re\workspace\8-2-build-windows-amd64-cygwin\jdk8u60\4407\hotspot\src\share\vm\prims\jvm.cpp, line 1386]
Event: 15.735 Thread 0x000000000234f000 Exception <a 'java/lang/NoClassDefFoundError': org/slf4j/Logger> (0x00000000d6f51998) thrown at [C:\re\workspace\8-2-build-windows-amd64-cygwin\jdk8u60\4407\hotspot\src\share\vm\oops\constantPool.cpp, line 235]
Event: 18.703 Thread 0x000000000234f000 Exception <a 'java/lang/ClassNotFoundException': com/sun/tools/javac/api/JavacTool> (0x00000000d96f1dc8) thrown at [C:\re\workspace\8-2-build-windows-amd64-cygwin\jdk8u60\4407\hotspot\src\share\vm\classfile\systemDictionary.cpp, line 210]
Event: 25.780 Thread 0x000000000234f000 Exception <a 'java/io/FileNotFoundException'> (0x00000000dbf159e0) thrown at [C:\re\workspace\8-2-build-windows-amd64-cygwin\jdk8u60\4407\hotspot\src\share\vm\prims\jni.cpp, line 709]
Event: 25.784 Thread 0x000000000234f000 Exception <a 'java/io/FileNotFoundException'> (0x00000000dbf4ab60) thrown at [C:\re\workspace\8-2-build-windows-amd64-cygwin\jdk8u60\4407\hotspot\src\share\vm\prims\jni.cpp, line 709]
Event: 27.865 Thread 0x000000000234f000 Implicit null exception at 0x000000000384f78c to 0x000000000384f7ab

Events (10 events):
Event: 39.214 Thread 0x000000000234f000 DEOPT PACKING pc=0x0000000003e2a998 sp=0x000000000262d6a0
Event: 39.214 Thread 0x000000000234f000 DEOPT UNPACKING pc=0x000000000294582a sp=0x000000000262d5f8 mode 2
Event: 39.219 Thread 0x000000000234f000 Uncommon trap: trap_request=0xffffff65 fr.pc=0x0000000003f05360
Event: 39.219 Thread 0x000000000234f000 DEOPT PACKING pc=0x0000000003f05360 sp=0x000000000262c6f0
Event: 39.219 Thread 0x000000000234f000 DEOPT UNPACKING pc=0x000000000294582a sp=0x000000000262c6c0 mode 2
Event: 39.258 Thread 0x000000000234f000 DEOPT PACKING pc=0x000000000352f514 sp=0x000000000262d300
Event: 39.258 Thread 0x000000000234f000 DEOPT UNPACKING pc=0x000000000294747f sp=0x000000000262d0c0 mode 0
Event: 39.328 Thread 0x000000000234f000 Uncommon trap: trap_request=0xffffffde fr.pc=0x000000000358f74c
Event: 39.328 Thread 0x000000000234f000 DEOPT PACKING pc=0x000000000358f74c sp=0x000000000262cff0
Event: 39.328 Thread 0x000000000234f000 DEOPT UNPACKING pc=0x000000000294582a sp=0x000000000262cff8 mode 2


Dynamic libraries:
0x000000013f830000 - 0x000000013f867000 	C:\Program Files\Java\jdk1.8.0_60\bin\java.exe
0x0000000077940000 - 0x0000000077ae9000 	C:\Windows\SYSTEM32\ntdll.dll
0x0000000077720000 - 0x000000007783f000 	C:\Windows\system32\kernel32.dll
0x000007fefda40000 - 0x000007fefdaac000 	C:\Windows\system32\KERNELBASE.dll
0x000007feff620000 - 0x000007feff6fb000 	C:\Windows\system32\ADVAPI32.dll
0x000007fefe060000 - 0x000007fefe0ff000 	C:\Windows\system32\msvcrt.dll
0x000007fefe4b0000 - 0x000007fefe4cf000 	C:\Windows\SYSTEM32\sechost.dll
0x000007fefe170000 - 0x000007fefe29d000 	C:\Windows\system32\RPCRT4.dll
0x0000000077840000 - 0x000000007793a000 	C:\Windows\system32\USER32.dll
0x000007fefe100000 - 0x000007fefe167000 	C:\Windows\system32\GDI32.dll
0x000007fefe640000 - 0x000007fefe64e000 	C:\Windows\system32\LPK.dll
0x000007fefe550000 - 0x000007fefe619000 	C:\Windows\system32\USP10.dll
0x000007fefb750000 - 0x000007fefb944000 	C:\Windows\WinSxS\amd64_microsoft.windows.common-controls_6595b64144ccf1df_6.0.7601.18837_none_fa3b1e3d17594757\COMCTL32.dll
0x000007feffb80000 - 0x000007feffbf1000 	C:\Windows\system32\SHLWAPI.dll
0x000007feff700000 - 0x000007feff72e000 	C:\Windows\system32\IMM32.DLL
0x000007feff730000 - 0x000007feff839000 	C:\Windows\system32\MSCTF.dll
0x0000000073400000 - 0x00000000734d2000 	C:\Program Files\Java\jdk1.8.0_60\jre\bin\msvcr100.dll
0x0000000071f60000 - 0x00000000727e9000 	C:\Program Files\Java\jdk1.8.0_60\jre\bin\server\jvm.dll
0x000007fef8100000 - 0x000007fef8109000 	C:\Windows\system32\WSOCK32.dll
0x000007feffc00000 - 0x000007feffc4d000 	C:\Windows\system32\WS2_32.dll
0x000007fefe650000 - 0x000007fefe658000 	C:\Windows\system32\NSI.dll
0x000007fefa880000 - 0x000007fefa8bb000 	C:\Windows\system32\WINMM.dll
0x000007fefc7c0000 - 0x000007fefc7cc000 	C:\Windows\system32\VERSION.dll
0x0000000077b10000 - 0x0000000077b17000 	C:\Windows\system32\PSAPI.DLL
0x00000000745e0000 - 0x00000000745ef000 	C:\Program Files\Java\jdk1.8.0_60\jre\bin\verify.dll
0x00000000745b0000 - 0x00000000745d9000 	C:\Program Files\Java\jdk1.8.0_60\jre\bin\java.dll
0x0000000074590000 - 0x00000000745a6000 	C:\Program Files\Java\jdk1.8.0_60\jre\bin\zip.dll
0x000007fefe660000 - 0x000007feff3e9000 	C:\Windows\system32\SHELL32.dll
0x000007fefe2a0000 - 0x000007fefe4a3000 	C:\Windows\system32\ole32.dll
0x000007fefd700000 - 0x000007fefd70f000 	C:\Windows\system32\profapi.dll
0x000007fefd530000 - 0x000007fefd587000 	C:\Windows\system32\apphelp.dll
0x0000000074570000 - 0x000000007458a000 	C:\Program Files\Java\jdk1.8.0_60\jre\bin\net.dll
0x000007fefced0000 - 0x000007fefcf25000 	C:\Windows\system32\mswsock.dll
0x000007fefcec0000 - 0x000007fefcec7000 	C:\Windows\System32\wship6.dll
0x00000000733e0000 - 0x00000000733f1000 	C:\Program Files\Java\jdk1.8.0_60\jre\bin\nio.dll

VM Arguments:
jvm_args: -Dclassworlds.conf=C:\Program Files\NetBeans 8.0.2\java\maven\bin\m2.conf -Dmaven.home=C:\Program Files\NetBeans 8.0.2\java\maven 
java_command: org.codehaus.plexus.classworlds.launcher.Launcher -Dmaven.ext.class.path=C:\Program Files\NetBeans 8.0.2\java\maven-nblib\netbeans-eventspy.jar -Dfile.encoding=UTF-8 --errors -e install
java_class_path (initial): C:\Program Files\NetBeans 8.0.2\java\maven\boot\plexus-classworlds-2.4.jar
Launcher Type: SUN_STANDARD

Environment Variables:
JAVA_HOME=C:\Program Files\Java\jdk1.8.0_60
CLASSPATH=C:\Program Files\Java\jdk1.8.0_60\jre\lib
PATH=C:\ProgramData\Oracle\Java\javapath;C:\Windows\system32;C:\Windows;C:\Windows\System32\Wbem;C:\Windows\System32\WindowsPowerShell\v1.0\;C:\Program Files\Intel\WiFi\bin\;C:\Program Files\Common Files\Intel\WirelessCommon\;C:\Program Files\TortoiseGit\bin
USERNAME=hou
OS=Windows_NT
PROCESSOR_IDENTIFIER=Intel64 Family 6 Model 30 Stepping 5, GenuineIntel



---------------  S Y S T E M  ---------------

OS: Windows 7 , 64 bit Build 7601 (6.1.7601.18933)

CPU:total 8 (4 cores per cpu, 2 threads per core) family 6 model 30 stepping 5, cmov, cx8, fxsr, mmx, sse, sse2, sse3, ssse3, sse4.1, sse4.2, popcnt, ht, tsc, tscinvbit

Memory: 4k page, physical 8378216k(66440k free), swap 9424952k(5908k free)

vm_info: Java HotSpot(TM) 64-Bit Server VM (25.60-b23) for windows-amd64 JRE (1.8.0_60-b27), built on Aug  4 2015 11:06:27 by "java_re" with MS VC++ 10.0 (VS2010)

time: Fri Oct 02 15:46:04 2015
elapsed time: 39 seconds (0d 0h 0m 39s)

